[2026-02-16 14:58:47,285] 1025 httpx - INFO - HTTP Request: GET https://dagshub.com/api/v1/user "HTTP/1.1 200 OK"
[2026-02-16 14:58:47,291] 107 dagshub - INFO - Accessing as damini.gupta1
[2026-02-16 14:58:47,662] 1025 httpx - INFO - HTTP Request: GET https://dagshub.com/api/v1/repos/damini.gupta1/networksecurity "HTTP/1.1 200 OK"
[2026-02-16 14:58:47,974] 1025 httpx - INFO - HTTP Request: GET https://dagshub.com/api/v1/user "HTTP/1.1 200 OK"
[2026-02-16 14:58:47,976] 107 dagshub - INFO - Initialized MLflow to track repo "damini.gupta1/networksecurity"
[2026-02-16 14:58:47,976] 107 dagshub - INFO - Repository damini.gupta1/networksecurity initialized!
[2026-02-16 14:59:11,129] 40 root - INFO - Start data Ingestion
[2026-02-16 14:59:13,825] 58 root - INFO - performed train test split on the dataframe
[2026-02-16 14:59:13,908] 68 root - INFO - Exporting train and test file path
[2026-02-16 14:59:13,924] 43 root - INFO - Data Ingestion completed and artifact: DataIngestionArtifact(trained_file_path='Artifacts\\02_16_2026_14_58_44\\data_ingestion\\ingested\\train.csv', test_file_path='Artifacts\\02_16_2026_14_58_44\\data_ingestion\\ingested\\test.csv')
[2026-02-16 14:59:13,925] 54 root - INFO - Initiate the data Validation
[2026-02-16 14:59:13,962] 33 root - INFO - Required number of columns:2
[2026-02-16 14:59:13,962] 34 root - INFO - Data frame has columns:31
[2026-02-16 14:59:13,962] 33 root - INFO - Required number of columns:2
[2026-02-16 14:59:13,962] 34 root - INFO - Data frame has columns:31
[2026-02-16 14:59:14,175] 47 root - INFO - initiakisng data transformation pipeline
[2026-02-16 14:59:14,208] 35 root - INFO - eneter get_data_transform_object of transformation class
[2026-02-16 14:59:14,208] 38 root - INFO - initialize knn imputer with {'missing_values': nan, 'n_neighbors': 3, 'weights': 'uniform'}
[2026-02-16 14:59:14,225] 47 root - INFO - Entered save object method of mainutils class
[2026-02-16 14:59:14,241] 51 root - INFO - Exited save object method of mainutils class
[2026-02-16 14:59:14,241] 47 root - INFO - Entered save object method of mainutils class
[2026-02-16 14:59:14,241] 51 root - INFO - Exited save object method of mainutils class
[2026-02-16 15:05:36,931] 56 root - INFO - Load saved object method of mainutils class
[2026-02-16 15:05:36,938] 47 root - INFO - Entered save object method of mainutils class
[2026-02-16 15:05:36,943] 51 root - INFO - Exited save object method of mainutils class
[2026-02-16 15:05:36,943] 47 root - INFO - Entered save object method of mainutils class
[2026-02-16 15:05:36,973] 51 root - INFO - Exited save object method of mainutils class
[2026-02-16 15:05:36,973] 138 root - INFO - Model trainer artifact: ModelTrainerArtifact(trained_model_file_path='Artifacts\\02_16_2026_14_58_44\\model_trainer\\trained_model\\model.pkl', train_metric_artifact=ClassificationMetricArtifact(f1_score=0.9914529914529915, precision_score=0.9951554299555915, recall_score=0.9877780004007213), test_metric_artifact=ClassificationMetricArtifact(f1_score=0.9737704918032787, precision_score=0.9875311720698254, recall_score=0.9603880355699272))
