[2026-02-16 14:41:19,630] 1025 httpx - INFO - HTTP Request: GET https://dagshub.com/api/v1/user "HTTP/1.1 200 OK"
[2026-02-16 14:41:19,651] 107 dagshub - INFO - Accessing as damini.gupta1
[2026-02-16 14:41:20,016] 1025 httpx - INFO - HTTP Request: GET https://dagshub.com/api/v1/repos/damini.gupta1/networksecurity "HTTP/1.1 200 OK"
[2026-02-16 14:41:20,335] 1025 httpx - INFO - HTTP Request: GET https://dagshub.com/api/v1/user "HTTP/1.1 200 OK"
[2026-02-16 14:41:20,342] 107 dagshub - INFO - Initialized MLflow to track repo "damini.gupta1/networksecurity"
[2026-02-16 14:41:20,342] 107 dagshub - INFO - Repository damini.gupta1/networksecurity initialized!
[2026-02-16 14:41:20,385] 19 root - INFO - Initiate data ingestion
[2026-02-16 14:41:20,385] 23 root - INFO - initiate data ingestion
[2026-02-16 14:41:23,807] 58 root - INFO - performed train test split on the dataframe
[2026-02-16 14:41:23,869] 68 root - INFO - Exporting train and test file path
[2026-02-16 14:41:23,870] 26 root - INFO - data initiation completed
[2026-02-16 14:41:23,918] 33 root - INFO - Required number of columns:2
[2026-02-16 14:41:23,919] 34 root - INFO - Data frame has columns:31
[2026-02-16 14:41:23,919] 33 root - INFO - Required number of columns:2
[2026-02-16 14:41:23,919] 34 root - INFO - Data frame has columns:31
[2026-02-16 14:41:24,072] 47 root - INFO - initiakisng data transformation pipeline
[2026-02-16 14:41:24,099] 35 root - INFO - eneter get_data_transform_object of transformation class
[2026-02-16 14:41:24,099] 38 root - INFO - initialize knn imputer with {'missing_values': nan, 'n_neighbors': 3, 'weights': 'uniform'}
[2026-02-16 14:41:24,122] 47 root - INFO - Entered save object method of mainutils class
[2026-02-16 14:41:24,129] 51 root - INFO - Exited save object method of mainutils class
[2026-02-16 14:41:24,129] 47 root - INFO - Entered save object method of mainutils class
[2026-02-16 14:41:24,133] 51 root - INFO - Exited save object method of mainutils class
[2026-02-16 14:41:24,135] 35 root - INFO - Model Training sstared
[2026-02-16 14:47:27,468] 56 root - INFO - Load saved object method of mainutils class
[2026-02-16 14:47:27,475] 47 root - INFO - Entered save object method of mainutils class
[2026-02-16 14:47:27,478] 51 root - INFO - Exited save object method of mainutils class
[2026-02-16 14:47:27,478] 47 root - INFO - Entered save object method of mainutils class
[2026-02-16 14:47:27,513] 51 root - INFO - Exited save object method of mainutils class
[2026-02-16 14:47:27,513] 138 root - INFO - Model trainer artifact: ModelTrainerArtifact(trained_model_file_path='Artifacts\\02_16_2026_14_41_03\\model_trainer\\trained_model\\model.pkl', train_metric_artifact=ClassificationMetricArtifact(f1_score=0.9915727485023861, precision_score=0.9912708079577751, recall_score=0.9918748730448913), test_metric_artifact=ClassificationMetricArtifact(f1_score=0.9758842443729904, precision_score=0.9861900893582454, recall_score=0.9657915672235481))
[2026-02-16 14:47:27,517] 41 root - INFO - Model Training artifact created
