[2026-02-16 14:57:48,075] 1025 httpx - INFO - HTTP Request: GET https://dagshub.com/api/v1/user "HTTP/1.1 200 OK"
[2026-02-16 14:57:48,080] 107 dagshub - INFO - Accessing as damini.gupta1
[2026-02-16 14:57:48,418] 1025 httpx - INFO - HTTP Request: GET https://dagshub.com/api/v1/repos/damini.gupta1/networksecurity "HTTP/1.1 200 OK"
[2026-02-16 14:57:48,747] 1025 httpx - INFO - HTTP Request: GET https://dagshub.com/api/v1/user "HTTP/1.1 200 OK"
[2026-02-16 14:57:48,748] 107 dagshub - INFO - Initialized MLflow to track repo "damini.gupta1/networksecurity"
[2026-02-16 14:57:48,748] 107 dagshub - INFO - Repository damini.gupta1/networksecurity initialized!
[2026-02-16 14:57:48,749] 40 root - INFO - Start data Ingestion
[2026-02-16 14:57:51,020] 58 root - INFO - performed train test split on the dataframe
[2026-02-16 14:57:51,076] 68 root - INFO - Exporting train and test file path
[2026-02-16 14:57:51,077] 43 root - INFO - Data Ingestion completed and artifact: DataIngestionArtifact(trained_file_path='Artifacts\\02_16_2026_14_57_45\\data_ingestion\\ingested\\train.csv', test_file_path='Artifacts\\02_16_2026_14_57_45\\data_ingestion\\ingested\\test.csv')
[2026-02-16 14:57:51,083] 54 root - INFO - Initiate the data Validation
[2026-02-16 14:57:51,103] 33 root - INFO - Required number of columns:2
[2026-02-16 14:57:51,103] 34 root - INFO - Data frame has columns:31
[2026-02-16 14:57:51,105] 33 root - INFO - Required number of columns:2
[2026-02-16 14:57:51,105] 34 root - INFO - Data frame has columns:31
[2026-02-16 14:57:51,228] 47 root - INFO - initiakisng data transformation pipeline
[2026-02-16 14:57:51,252] 35 root - INFO - eneter get_data_transform_object of transformation class
[2026-02-16 14:57:51,252] 38 root - INFO - initialize knn imputer with {'missing_values': nan, 'n_neighbors': 3, 'weights': 'uniform'}
[2026-02-16 14:57:51,268] 47 root - INFO - Entered save object method of mainutils class
[2026-02-16 14:57:51,274] 51 root - INFO - Exited save object method of mainutils class
[2026-02-16 14:57:51,274] 47 root - INFO - Entered save object method of mainutils class
[2026-02-16 14:57:51,278] 51 root - INFO - Exited save object method of mainutils class
